<?xml version="1.0" encoding="UTF-8"?>
<!-- Generated by org.testng.reporters.JUnitXMLReporter -->
<testsuite ignored="0" hostname="User" failures="0" tests="6" name="Default test" time="68.695" errors="0" timestamp="2022-01-16T11:51:09 EST">
  <testcase classname="test.LoginFunctionalityTest" name="negativeLoginFunctionalityTest" time="2.196"/>
  <testcase classname="test.LoginFunctionalityTest" name="negativeLoginFunctionalityTest" time="2.326"/>
  <testcase classname="test.LoginFunctionalityTest" name="negativeLoginFunctionalityTest" time="3.378"/>
  <testcase classname="test.LoginFunctionalityTest" name="positiveLoginFunctionalityTest" time="2.0"/>
  <testcase classname="test.LoginFunctionalityTest" name="positiveLoginFunctionalityTest" time="3.202"/>
  <testcase classname="test.LoginFunctionalityTest" name="positiveLoginFunctionalityTest" time="2.228"/>
</testsuite> <!-- Default test -->
