<?xml version="1.0" encoding="UTF-8"?>
<!-- Generated by org.testng.reporters.JUnitXMLReporter -->
<testsuite ignored="0" hostname="User" failures="0" tests="6" name="Regression Test" time="89.096" errors="0" timestamp="2022-01-16T11:55:38 EST">
  <testcase classname="test.LoginFunctionalityTest" name="negativeLoginFunctionalityTest" time="5.133"/>
  <testcase classname="test.LoginFunctionalityTest" name="negativeLoginFunctionalityTest" time="3.371"/>
  <testcase classname="test.LoginFunctionalityTest" name="negativeLoginFunctionalityTest" time="5.028"/>
  <testcase classname="test.LoginFunctionalityTest" name="positiveLoginFunctionalityTest" time="3.947"/>
  <testcase classname="test.LoginFunctionalityTest" name="positiveLoginFunctionalityTest" time="2.405"/>
  <testcase classname="test.LoginFunctionalityTest" name="positiveLoginFunctionalityTest" time="2.787"/>
</testsuite> <!-- Regression Test -->
