<?xml version="1.0" encoding="UTF-8"?>
<testng-results ignored="0" total="6" passed="6" failed="0" skipped="0">
  <reporter-output>
  </reporter-output>
  <suite started-at="2022-01-16T11:54:08 EST" name="Major Regression Suite" finished-at="2022-01-16T11:55:38 EST" duration-ms="89096">
    <groups>
    </groups>
    <test started-at="2022-01-16T11:54:08 EST" name="Regression Test" finished-at="2022-01-16T11:55:38 EST" duration-ms="89096">
      <class name="test.LoginFunctionalityTest">
        <test-method is-config="true" signature="loadBrowser()[pri:0, instance:test.LoginFunctionalityTest@4d910fd6]" started-at="2022-01-16T11:54:09 EST" name="loadBrowser" finished-at="2022-01-16T11:54:21 EST" duration-ms="12110" status="PASS">
          <reporter-output>
          </reporter-output>
        </test-method> <!-- loadBrowser -->
        <test-method signature="negativeLoginFunctionalityTest(java.lang.String,java.lang.String)[pri:0, instance:test.LoginFunctionalityTest@4d910fd6]" started-at="2022-01-16T11:54:21 EST" name="negativeLoginFunctionalityTest" data-provider="negativeLoginData" finished-at="2022-01-16T11:54:26 EST" duration-ms="5133" status="PASS">
          <params>
            <param index="0">
              <value>
                <![CDATA[tommy123]]>
              </value>
            </param>
            <param index="1">
              <value>
                <![CDATA[12345]]>
              </value>
            </param>
          </params>
          <reporter-output>
          </reporter-output>
        </test-method> <!-- negativeLoginFunctionalityTest -->
        <test-method is-config="true" signature="closeBrowser()[pri:0, instance:test.LoginFunctionalityTest@4d910fd6]" started-at="2022-01-16T11:54:26 EST" name="closeBrowser" finished-at="2022-01-16T11:54:33 EST" duration-ms="7620" status="PASS">
          <reporter-output>
          </reporter-output>
        </test-method> <!-- closeBrowser -->
        <test-method is-config="true" signature="loadBrowser()[pri:0, instance:test.LoginFunctionalityTest@4d910fd6]" started-at="2022-01-16T11:54:33 EST" name="loadBrowser" finished-at="2022-01-16T11:54:39 EST" duration-ms="5702" status="PASS">
          <reporter-output>
          </reporter-output>
        </test-method> <!-- loadBrowser -->
        <test-method signature="negativeLoginFunctionalityTest(java.lang.String,java.lang.String)[pri:0, instance:test.LoginFunctionalityTest@4d910fd6]" started-at="2022-01-16T11:54:39 EST" name="negativeLoginFunctionalityTest" data-provider="negativeLoginData" finished-at="2022-01-16T11:54:43 EST" duration-ms="3371" status="PASS">
          <params>
            <param index="0">
              <value>
                <![CDATA[johnny123]]>
              </value>
            </param>
            <param index="1">
              <value>
                <![CDATA[123]]>
              </value>
            </param>
          </params>
          <reporter-output>
          </reporter-output>
        </test-method> <!-- negativeLoginFunctionalityTest -->
        <test-method is-config="true" signature="closeBrowser()[pri:0, instance:test.LoginFunctionalityTest@4d910fd6]" started-at="2022-01-16T11:54:43 EST" name="closeBrowser" finished-at="2022-01-16T11:54:45 EST" duration-ms="2283" status="PASS">
          <reporter-output>
          </reporter-output>
        </test-method> <!-- closeBrowser -->
        <test-method is-config="true" signature="loadBrowser()[pri:0, instance:test.LoginFunctionalityTest@4d910fd6]" started-at="2022-01-16T11:54:45 EST" name="loadBrowser" finished-at="2022-01-16T11:54:51 EST" duration-ms="5847" status="PASS">
          <reporter-output>
          </reporter-output>
        </test-method> <!-- loadBrowser -->
        <test-method signature="negativeLoginFunctionalityTest(java.lang.String,java.lang.String)[pri:0, instance:test.LoginFunctionalityTest@4d910fd6]" started-at="2022-01-16T11:54:51 EST" name="negativeLoginFunctionalityTest" data-provider="negativeLoginData" finished-at="2022-01-16T11:54:56 EST" duration-ms="5028" status="PASS">
          <params>
            <param index="0">
              <value>
                <![CDATA[Micheal1234]]>
              </value>
            </param>
            <param index="1">
              <value>
                <![CDATA[123]]>
              </value>
            </param>
          </params>
          <reporter-output>
          </reporter-output>
        </test-method> <!-- negativeLoginFunctionalityTest -->
        <test-method is-config="true" signature="closeBrowser()[pri:0, instance:test.LoginFunctionalityTest@4d910fd6]" started-at="2022-01-16T11:54:56 EST" name="closeBrowser" finished-at="2022-01-16T11:55:03 EST" duration-ms="7532" status="PASS">
          <reporter-output>
          </reporter-output>
        </test-method> <!-- closeBrowser -->
        <test-method is-config="true" signature="loadBrowser()[pri:0, instance:test.LoginFunctionalityTest@4d910fd6]" started-at="2022-01-16T11:55:03 EST" name="loadBrowser" finished-at="2022-01-16T11:55:11 EST" duration-ms="7599" status="PASS">
          <reporter-output>
          </reporter-output>
        </test-method> <!-- loadBrowser -->
        <test-method signature="positiveLoginFunctionalityTest(java.lang.String,java.lang.String)[pri:0, instance:test.LoginFunctionalityTest@4d910fd6]" started-at="2022-01-16T11:55:11 EST" name="positiveLoginFunctionalityTest" data-provider="positiveLoginData" finished-at="2022-01-16T11:55:15 EST" duration-ms="3947" status="PASS">
          <params>
            <param index="0">
              <value>
                <![CDATA[test]]>
              </value>
            </param>
            <param index="1">
              <value>
                <![CDATA[123]]>
              </value>
            </param>
          </params>
          <reporter-output>
          </reporter-output>
        </test-method> <!-- positiveLoginFunctionalityTest -->
        <test-method is-config="true" signature="closeBrowser()[pri:0, instance:test.LoginFunctionalityTest@4d910fd6]" started-at="2022-01-16T11:55:15 EST" name="closeBrowser" finished-at="2022-01-16T11:55:16 EST" duration-ms="1032" status="PASS">
          <reporter-output>
          </reporter-output>
        </test-method> <!-- closeBrowser -->
        <test-method is-config="true" signature="loadBrowser()[pri:0, instance:test.LoginFunctionalityTest@4d910fd6]" started-at="2022-01-16T11:55:16 EST" name="loadBrowser" finished-at="2022-01-16T11:55:23 EST" duration-ms="6888" status="PASS">
          <reporter-output>
          </reporter-output>
        </test-method> <!-- loadBrowser -->
        <test-method signature="positiveLoginFunctionalityTest(java.lang.String,java.lang.String)[pri:0, instance:test.LoginFunctionalityTest@4d910fd6]" started-at="2022-01-16T11:55:23 EST" name="positiveLoginFunctionalityTest" data-provider="positiveLoginData" finished-at="2022-01-16T11:55:25 EST" duration-ms="2405" status="PASS">
          <params>
            <param index="0">
              <value>
                <![CDATA[test12]]>
              </value>
            </param>
            <param index="1">
              <value>
                <![CDATA[123]]>
              </value>
            </param>
          </params>
          <reporter-output>
          </reporter-output>
        </test-method> <!-- positiveLoginFunctionalityTest -->
        <test-method is-config="true" signature="closeBrowser()[pri:0, instance:test.LoginFunctionalityTest@4d910fd6]" started-at="2022-01-16T11:55:25 EST" name="closeBrowser" finished-at="2022-01-16T11:55:27 EST" duration-ms="1850" status="PASS">
          <reporter-output>
          </reporter-output>
        </test-method> <!-- closeBrowser -->
        <test-method is-config="true" signature="loadBrowser()[pri:0, instance:test.LoginFunctionalityTest@4d910fd6]" started-at="2022-01-16T11:55:27 EST" name="loadBrowser" finished-at="2022-01-16T11:55:34 EST" duration-ms="6550" status="PASS">
          <reporter-output>
          </reporter-output>
        </test-method> <!-- loadBrowser -->
        <test-method signature="positiveLoginFunctionalityTest(java.lang.String,java.lang.String)[pri:0, instance:test.LoginFunctionalityTest@4d910fd6]" started-at="2022-01-16T11:55:34 EST" name="positiveLoginFunctionalityTest" data-provider="positiveLoginData" finished-at="2022-01-16T11:55:36 EST" duration-ms="2787" status="PASS">
          <params>
            <param index="0">
              <value>
                <![CDATA[test123]]>
              </value>
            </param>
            <param index="1">
              <value>
                <![CDATA[123]]>
              </value>
            </param>
          </params>
          <reporter-output>
          </reporter-output>
        </test-method> <!-- positiveLoginFunctionalityTest -->
        <test-method is-config="true" signature="closeBrowser()[pri:0, instance:test.LoginFunctionalityTest@4d910fd6]" started-at="2022-01-16T11:55:36 EST" name="closeBrowser" finished-at="2022-01-16T11:55:38 EST" duration-ms="1206" status="PASS">
          <reporter-output>
          </reporter-output>
        </test-method> <!-- closeBrowser -->
      </class> <!-- test.LoginFunctionalityTest -->
    </test> <!-- Regression Test -->
  </suite> <!-- Major Regression Suite -->
</testng-results>
